2021-01-05 22:12:51.579  INFO 15724 --- [main] lavalink.server.Launcher                 : 

[32m       .  [31m _                  _ _       _    [32m__ _ _
[32m      /\\ [31m| | __ ___   ____ _| (_)_ __ | | __[32m\ \ \ \
[32m     ( ( )[31m| |/ _` \ \ / / _` | | | '_ \| |/ /[32m \ \ \ \
[32m      \\/ [31m| | (_| |\ V / (_| | | | | | |   < [32m  ) ) ) )
[32m       '  [31m|_|\__,_| \_/ \__,_|_|_|_| |_|_|\_\[32m / / / /
[0m    =========================================[32m/_/_/_/[0m

	Version:        3.3.2.2
	Build:          1170
	Build time:     21.12.2020 17:22:55 UTC
	Branch          oshicamebacktheverynextday
	Commit:         7f9925c
	Commit time:    30.11.2020 23:22:28 UTC
	JVM:            13
	Lavaplayer      1.3.65

2021-01-05 22:12:51.705  INFO 15724 --- [main] lavalink.server.Launcher                 : Starting Launcher on DESKTOP-KCH0921 with PID 15724 (C:\Users\arnok\OneDrive\Desktop\Bots item\Bot\Hackaton-Bot\Lavalink\Lavalink.jar started by arnok in C:\Users\arnok\OneDrive\Desktop\Bots item\Bot\Hackaton-Bot\Lavalink)
2021-01-05 22:12:51.706  INFO 15724 --- [main] lavalink.server.Launcher                 : No active profile set, falling back to default profiles: default
2021-01-05 22:12:51.824  WARN 15724 --- [background-preinit] o.s.h.c.j.Jackson2ObjectMapperBuilder    : For Jackson Kotlin classes support please add "com.fasterxml.jackson.module:jackson-module-kotlin" to the classpath
2021-01-05 22:12:53.668  WARN 15724 --- [main] io.undertow.websockets.jsr               : UT026010: Buffer pool was not set on WebSocketDeploymentInfo, the default pool will be used
2021-01-05 22:12:53.701  INFO 15724 --- [main] io.undertow.servlet                      : Initializing Spring embedded WebApplicationContext
2021-01-05 22:12:53.701  INFO 15724 --- [main] o.s.web.context.ContextLoader            : Root WebApplicationContext: initialization completed in 1930 ms
2021-01-05 22:12:54.366  WARN 15724 --- [main] l.server.config.SentryConfiguration      : Turning off sentry
2021-01-05 22:12:54.875  INFO 15724 --- [main] c.s.d.l.tools.GarbageCollectionMonitor   : GC monitoring enabled, reporting results every 2 minutes.
2021-01-05 22:12:55.450  INFO 15724 --- [main] lavalink.server.config.KoeConfiguration  : OS: Windows 10, Arch: amd64
2021-01-05 22:12:55.454  WARN 15724 --- [main] lavalink.server.config.KoeConfiguration  : This system and architecture appears to not support native audio sending! GC pauses may cause your bot to stutter during playback.
2021-01-05 22:12:55.853  INFO 15724 --- [main] o.s.s.concurrent.ThreadPoolTaskExecutor  : Initializing ExecutorService 'applicationTaskExecutor'
2021-01-05 22:12:56.316  INFO 15724 --- [main] org.xnio                                 : XNIO version 3.3.8.Final
2021-01-05 22:12:56.336  INFO 15724 --- [main] org.xnio.nio                             : XNIO NIO Implementation Version 3.3.8.Final
2021-01-05 22:12:56.461  INFO 15724 --- [main] o.s.b.w.e.u.UndertowServletWebServer     : Undertow started on port(s) 7000 (http) with context path ''
2021-01-05 22:12:56.469  INFO 15724 --- [main] lavalink.server.Launcher                 : Started Launcher in 5.645 seconds (JVM running for 6.602)
2021-01-05 22:12:56.479  INFO 15724 --- [main] lavalink.server.Launcher                 : You can safely ignore the big red warning about illegal reflection. See https://github.com/Frederikam/Lavalink/issues/295
2021-01-05 22:14:06.316  INFO 15724 --- [XNIO-1 task-1] io.undertow.servlet                      : Initializing Spring DispatcherServlet 'dispatcherServlet'
2021-01-05 22:14:06.317  INFO 15724 --- [XNIO-1 task-1] o.s.web.servlet.DispatcherServlet        : Initializing Servlet 'dispatcherServlet'
2021-01-05 22:14:06.328  INFO 15724 --- [XNIO-1 task-1] o.s.web.servlet.DispatcherServlet        : Completed initialization in 9 ms
2021-01-05 22:14:06.361  INFO 15724 --- [XNIO-1 task-1] l.server.io.HandshakeInterceptorImpl     : Incoming connection from /127.0.0.1:58733
2021-01-05 22:14:06.450  INFO 15724 --- [XNIO-1 task-1] lavalink.server.io.SocketServer          : Connection successfully established from /127.0.0.1:58733
2021-01-05 22:17:48.329  INFO 15724 --- [XNIO-1 I/O-6] lavalink.server.io.SocketServer          : Connection closed from /127.0.0.1:58733 -- CloseStatus[code=1006, reason=]
2021-01-05 22:17:48.330  INFO 15724 --- [XNIO-1 I/O-6] lavalink.server.io.SocketContext         : Shutting down 0 playing players.
2021-01-05 22:17:53.024  INFO 15724 --- [XNIO-1 task-2] l.server.io.HandshakeInterceptorImpl     : Incoming connection from /127.0.0.1:58759
2021-01-05 22:17:53.029  INFO 15724 --- [XNIO-1 task-2] lavalink.server.io.SocketServer          : Connection successfully established from /127.0.0.1:58759
2021-01-05 22:20:19.169  INFO 15724 --- [XNIO-1 I/O-8] lavalink.server.io.SocketServer          : Connection closed from /127.0.0.1:58759 -- CloseStatus[code=1006, reason=]
2021-01-05 22:20:19.170  INFO 15724 --- [XNIO-1 I/O-8] lavalink.server.io.SocketContext         : Shutting down 0 playing players.
2021-01-05 22:20:23.423  INFO 15724 --- [XNIO-1 task-3] l.server.io.HandshakeInterceptorImpl     : Incoming connection from /127.0.0.1:58783
2021-01-05 22:20:23.429  INFO 15724 --- [XNIO-1 task-3] lavalink.server.io.SocketServer          : Connection successfully established from /127.0.0.1:58783
2021-01-05 22:21:05.260  INFO 15724 --- [XNIO-1 I/O-8] lavalink.server.io.SocketServer          : {"op":"volume","guildId":"668000598221651975","volume":50}
2021-01-05 22:21:05.285  INFO 15724 --- [XNIO-1 task-4] l.server.player.AudioLoaderRestHandler   : Got request to load for identifier "ytsearch:cheeki breeki"
2021-01-05 22:21:05.672  INFO 15724 --- [XNIO-1 I/O-8] lavalink.server.io.SocketServer          : {"sessionId":"0db3c18d867cb027579af52d213a1cad","op":"voiceUpdate","guildId":"668000598221651975","event":{"token":"6f4759f0ca657cf5","guild_id":"668000598221651975","endpoint":"us-central496.discord.media:443"}}
2021-01-05 22:21:06.440  INFO 15724 --- [lava-daemon-pool-info-loader-2-thread-1] lavalink.server.player.AudioLoader       : Loaded playlist Search results for: cheeki breeki
2021-01-05 22:21:33.353  INFO 15724 --- [XNIO-1 I/O-8] lavalink.server.io.SocketServer          : Connection closed from /127.0.0.1:58783 -- CloseStatus[code=1006, reason=]
2021-01-05 22:21:33.354  INFO 15724 --- [XNIO-1 I/O-8] lavalink.server.io.SocketContext         : Shutting down 0 playing players.
2021-01-05 22:21:37.324  INFO 15724 --- [XNIO-1 task-6] l.server.io.HandshakeInterceptorImpl     : Incoming connection from /127.0.0.1:58800
2021-01-05 22:21:37.329  INFO 15724 --- [XNIO-1 task-6] lavalink.server.io.SocketServer          : Connection successfully established from /127.0.0.1:58800
2021-01-05 22:21:40.446  INFO 15724 --- [XNIO-1 I/O-1] lavalink.server.io.SocketServer          : {"op":"volume","guildId":"668000598221651975","volume":50}
2021-01-05 22:21:40.453  INFO 15724 --- [XNIO-1 task-7] l.server.player.AudioLoaderRestHandler   : Got request to load for identifier "ytsearch:end of time"
2021-01-05 22:21:40.782  INFO 15724 --- [XNIO-1 I/O-1] lavalink.server.io.SocketServer          : {"sessionId":"4b1d657fa1202f928630ce8cfc7a9089","op":"voiceUpdate","guildId":"668000598221651975","event":{"token":"6f4759f0ca657cf5","guild_id":"668000598221651975","endpoint":"us-central496.discord.media:443"}}
2021-01-05 22:21:41.148  INFO 15724 --- [lava-daemon-pool-info-loader-2-thread-1] lavalink.server.player.AudioLoader       : Loaded playlist Search results for: end of time
2021-01-05 22:23:39.100  INFO 15724 --- [XNIO-1 I/O-1] lavalink.server.io.SocketServer          : Connection closed from /127.0.0.1:58800 -- CloseStatus[code=1006, reason=]
2021-01-05 22:23:39.100  INFO 15724 --- [XNIO-1 I/O-1] lavalink.server.io.SocketContext         : Shutting down 0 playing players.
2021-01-05 22:23:43.614  INFO 15724 --- [XNIO-1 task-9] l.server.io.HandshakeInterceptorImpl     : Incoming connection from /127.0.0.1:58829
2021-01-05 22:23:43.619  INFO 15724 --- [XNIO-1 task-9] lavalink.server.io.SocketServer          : Connection successfully established from /127.0.0.1:58829
2021-01-05 22:24:47.376  INFO 15724 --- [XNIO-1 I/O-6] lavalink.server.io.SocketServer          : {"op":"volume","guildId":"668000598221651975","volume":50}
2021-01-05 22:24:47.384  INFO 15724 --- [XNIO-1 task-10] l.server.player.AudioLoaderRestHandler   : Got request to load for identifier "ytsearch:end of time"
2021-01-05 22:24:47.809  INFO 15724 --- [XNIO-1 I/O-6] lavalink.server.io.SocketServer          : {"sessionId":"2942d3dffd03c6b73fd27b7f626ad78a","op":"voiceUpdate","guildId":"668000598221651975","event":{"token":"6f4759f0ca657cf5","guild_id":"668000598221651975","endpoint":"us-central496.discord.media:443"}}
2021-01-05 22:24:48.057  INFO 15724 --- [lava-daemon-pool-info-loader-2-thread-1] lavalink.server.player.AudioLoader       : Loaded playlist Search results for: end of time
2021-01-05 22:25:34.204  INFO 15724 --- [XNIO-1 I/O-6] lavalink.server.io.SocketServer          : Connection closed from /127.0.0.1:58829 -- CloseStatus[code=1006, reason=]
2021-01-05 22:25:34.204  INFO 15724 --- [XNIO-1 I/O-6] lavalink.server.io.SocketContext         : Shutting down 0 playing players.
2021-01-05 22:25:37.842  INFO 15724 --- [XNIO-1 task-12] l.server.io.HandshakeInterceptorImpl     : Incoming connection from /127.0.0.1:58847
2021-01-05 22:25:37.848  INFO 15724 --- [XNIO-1 task-12] lavalink.server.io.SocketServer          : Connection successfully established from /127.0.0.1:58847
2021-01-05 22:25:54.153  INFO 15724 --- [XNIO-1 I/O-8] lavalink.server.io.SocketServer          : {"op":"volume","guildId":"668000598221651975","volume":50}
2021-01-05 22:25:54.161  INFO 15724 --- [XNIO-1 task-13] l.server.player.AudioLoaderRestHandler   : Got request to load for identifier "ytsearch:end of time"
2021-01-05 22:25:54.466  INFO 15724 --- [XNIO-1 I/O-8] lavalink.server.io.SocketServer          : {"sessionId":"a6382bea7a5f005f822d98d74bcbd77c","op":"voiceUpdate","guildId":"668000598221651975","event":{"token":"6f4759f0ca657cf5","guild_id":"668000598221651975","endpoint":"us-central496.discord.media:443"}}
2021-01-05 22:25:54.775  INFO 15724 --- [lava-daemon-pool-info-loader-2-thread-1] lavalink.server.player.AudioLoader       : Loaded playlist Search results for: end of time
2021-01-05 22:26:11.137  INFO 15724 --- [XNIO-1 I/O-8] lavalink.server.io.SocketServer          : Connection closed from /127.0.0.1:58847 -- CloseStatus[code=1006, reason=]
2021-01-05 22:26:11.138  INFO 15724 --- [XNIO-1 I/O-8] lavalink.server.io.SocketContext         : Shutting down 0 playing players.
2021-01-05 22:26:15.724  INFO 15724 --- [XNIO-1 task-15] l.server.io.HandshakeInterceptorImpl     : Incoming connection from /127.0.0.1:58854
2021-01-05 22:26:15.729  INFO 15724 --- [XNIO-1 task-15] lavalink.server.io.SocketServer          : Connection successfully established from /127.0.0.1:58854
2021-01-05 22:26:20.526  INFO 15724 --- [XNIO-1 I/O-7] lavalink.server.io.SocketServer          : {"op":"volume","guildId":"668000598221651975","volume":50}
2021-01-05 22:26:20.532  INFO 15724 --- [XNIO-1 task-16] l.server.player.AudioLoaderRestHandler   : Got request to load for identifier "ytsearch:end of time"
2021-01-05 22:26:20.834  INFO 15724 --- [XNIO-1 I/O-7] lavalink.server.io.SocketServer          : {"sessionId":"0a28698be0e54c9e5588537f6908bdd6","op":"voiceUpdate","guildId":"668000598221651975","event":{"token":"6f4759f0ca657cf5","guild_id":"668000598221651975","endpoint":"us-central496.discord.media:443"}}
2021-01-05 22:26:21.053  INFO 15724 --- [lava-daemon-pool-info-loader-2-thread-1] lavalink.server.player.AudioLoader       : Loaded playlist Search results for: end of time
2021-01-05 22:27:20.102  INFO 15724 --- [XNIO-1 I/O-7] lavalink.server.io.SocketServer          : Connection closed from /127.0.0.1:58854 -- CloseStatus[code=1006, reason=]
2021-01-05 22:27:20.103  INFO 15724 --- [XNIO-1 I/O-7] lavalink.server.io.SocketContext         : Shutting down 0 playing players.
2021-01-05 22:27:24.858  INFO 15724 --- [XNIO-1 task-18] l.server.io.HandshakeInterceptorImpl     : Incoming connection from /127.0.0.1:58867
2021-01-05 22:27:24.863  INFO 15724 --- [XNIO-1 task-18] lavalink.server.io.SocketServer          : Connection successfully established from /127.0.0.1:58867
2021-01-05 22:27:28.084  INFO 15724 --- [XNIO-1 I/O-4] lavalink.server.io.SocketServer          : {"op":"volume","guildId":"668000598221651975","volume":50}
2021-01-05 22:27:28.091  INFO 15724 --- [XNIO-1 task-19] l.server.player.AudioLoaderRestHandler   : Got request to load for identifier "ytsearch:end of time"
2021-01-05 22:27:28.532  INFO 15724 --- [XNIO-1 I/O-4] lavalink.server.io.SocketServer          : {"sessionId":"1633a726c1c2bbfa837f047a5c21e2c7","op":"voiceUpdate","guildId":"668000598221651975","event":{"token":"6f4759f0ca657cf5","guild_id":"668000598221651975","endpoint":"us-central496.discord.media:443"}}
2021-01-05 22:27:28.954  INFO 15724 --- [lava-daemon-pool-info-loader-2-thread-1] lavalink.server.player.AudioLoader       : Loaded playlist Search results for: end of time
2021-01-05 22:27:28.972  INFO 15724 --- [XNIO-1 I/O-4] lavalink.server.io.SocketServer          : {"op":"play","guildId":"668000598221651975","track":"QAAAmQIAMUstMzkxLCBBbGFuIFdhbGtlciAmIEFocml4IC0gRW5kIG9mIFRpbWUgKEx5cmljcykADlRoZSBWaWJlIEd1aWRlAAAAAAAC2ngAC0NhWlhkWkdaZmIwAAEAK2h0dHBzOi8vd3d3LnlvdXR1YmUuY29tL3dhdGNoP3Y9Q2FaWGRaR1pmYjAAB3lvdXR1YmUAAAAAAAAAAA=="}
2021-01-05 22:27:30.764  INFO 15724 --- [lava-daemon-pool-playback-1-thread-1] c.s.l.c.natives.NativeLibraryLoader      : Native library libmpg123-0: loading with filter com.sedmelluq.discord.lavaplayer.natives.ConnectorNativeLibLoader$$Lambda$563/0x000000080120e840@2608a519
2021-01-05 22:27:30.782  INFO 15724 --- [lava-daemon-pool-playback-1-thread-1] c.s.l.c.natives.NativeLibraryLoader      : Native library libmpg123-0: successfully loaded.
2021-01-05 22:27:30.783  INFO 15724 --- [lava-daemon-pool-playback-1-thread-1] c.s.l.c.natives.NativeLibraryLoader      : Native library connector: loading with filter null
2021-01-05 22:27:30.828  INFO 15724 --- [lava-daemon-pool-playback-1-thread-1] c.s.l.c.natives.NativeLibraryLoader      : Native library connector: successfully loaded.
2021-01-05 22:28:58.345  INFO 15724 --- [XNIO-1 I/O-4] lavalink.server.io.SocketServer          : Connection closed from /127.0.0.1:58867 -- CloseStatus[code=1006, reason=]
2021-01-05 22:28:58.345  INFO 15724 --- [XNIO-1 I/O-4] lavalink.server.io.SocketContext         : Shutting down 1 playing players.
2021-01-05 22:29:02.052  INFO 15724 --- [XNIO-1 task-21] l.server.io.HandshakeInterceptorImpl     : Incoming connection from /127.0.0.1:58890
2021-01-05 22:29:02.061  INFO 15724 --- [XNIO-1 task-21] lavalink.server.io.SocketServer          : Connection successfully established from /127.0.0.1:58890
2021-01-05 22:29:07.211  INFO 15724 --- [XNIO-1 I/O-3] lavalink.server.io.SocketServer          : {"op":"volume","guildId":"668000598221651975","volume":50}
2021-01-05 22:29:07.219  INFO 15724 --- [XNIO-1 task-22] l.server.player.AudioLoaderRestHandler   : Got request to load for identifier "https://discord.com/channels/668000598221651975/712849249720729681/793310641573593128"
2021-01-05 22:29:07.631  INFO 15724 --- [XNIO-1 I/O-3] lavalink.server.io.SocketServer          : {"sessionId":"af9784359c1d06bc618026f53bd86924","op":"voiceUpdate","guildId":"668000598221651975","event":{"token":"6f4759f0ca657cf5","guild_id":"668000598221651975","endpoint":"us-central496.discord.media:443"}}
2021-01-05 22:29:07.631 ERROR 15724 --- [lava-daemon-pool-info-loader-2-thread-1] lavalink.server.player.AudioLoader       : Load failed

com.sedmelluq.discord.lavaplayer.tools.FriendlyException: Unknown file format.
	at com.sedmelluq.discord.lavaplayer.source.ProbingAudioSourceManager.handleLoadResult(ProbingAudioSourceManager.java:35) ~[lavaplayer-1.3.65.jar!/:na]
	at com.sedmelluq.discord.lavaplayer.source.http.HttpAudioSourceManager.loadItem(HttpAudioSourceManager.java:82) ~[lavaplayer-1.3.65.jar!/:na]
	at com.sedmelluq.discord.lavaplayer.player.DefaultAudioPlayerManager.checkSourcesForItemOnce(DefaultAudioPlayerManager.java:437) ~[lavaplayer-1.3.65.jar!/:na]
	at com.sedmelluq.discord.lavaplayer.player.DefaultAudioPlayerManager.checkSourcesForItem(DefaultAudioPlayerManager.java:419) ~[lavaplayer-1.3.65.jar!/:na]
	at com.sedmelluq.discord.lavaplayer.player.DefaultAudioPlayerManager.lambda$createItemLoader$0(DefaultAudioPlayerManager.java:218) ~[lavaplayer-1.3.65.jar!/:na]
	at java.base/java.util.concurrent.FutureTask.run(FutureTask.java:264) ~[na:na]
	at java.base/java.util.concurrent.ThreadPoolExecutor.runWorker(ThreadPoolExecutor.java:1128) ~[na:na]
	at java.base/java.util.concurrent.ThreadPoolExecutor$Worker.run(ThreadPoolExecutor.java:628) ~[na:na]
	at java.base/java.lang.Thread.run(Thread.java:830) ~[na:na]
	Suppressed: com.sedmelluq.discord.lavaplayer.tools.exception.EnvironmentInformation: 
  lavaplayer.version: 1.3.65
  os.arch: amd64
  os.name: Windows 10
  os.version: 10.0
  java.vendor: Oracle Corporation
  java.version: 13
  java.runtime.version: 13+33
  java.vm.version: 13+33

2021-01-05 22:29:07.635 ERROR 15724 --- [lava-daemon-pool-info-loader-2-thread-1] l.server.player.AudioLoaderRestHandler   : Track loading failed

com.sedmelluq.discord.lavaplayer.tools.FriendlyException: Unknown file format.
	at com.sedmelluq.discord.lavaplayer.source.ProbingAudioSourceManager.handleLoadResult(ProbingAudioSourceManager.java:35) ~[lavaplayer-1.3.65.jar!/:na]
	at com.sedmelluq.discord.lavaplayer.source.http.HttpAudioSourceManager.loadItem(HttpAudioSourceManager.java:82) ~[lavaplayer-1.3.65.jar!/:na]
	at com.sedmelluq.discord.lavaplayer.player.DefaultAudioPlayerManager.checkSourcesForItemOnce(DefaultAudioPlayerManager.java:437) ~[lavaplayer-1.3.65.jar!/:na]
	at com.sedmelluq.discord.lavaplayer.player.DefaultAudioPlayerManager.checkSourcesForItem(DefaultAudioPlayerManager.java:419) ~[lavaplayer-1.3.65.jar!/:na]
	at com.sedmelluq.discord.lavaplayer.player.DefaultAudioPlayerManager.lambda$createItemLoader$0(DefaultAudioPlayerManager.java:218) ~[lavaplayer-1.3.65.jar!/:na]
	at java.base/java.util.concurrent.FutureTask.run(FutureTask.java:264) ~[na:na]
	at java.base/java.util.concurrent.ThreadPoolExecutor.runWorker(ThreadPoolExecutor.java:1128) ~[na:na]
	at java.base/java.util.concurrent.ThreadPoolExecutor$Worker.run(ThreadPoolExecutor.java:628) ~[na:na]
	at java.base/java.lang.Thread.run(Thread.java:830) ~[na:na]
	Suppressed: com.sedmelluq.discord.lavaplayer.tools.exception.EnvironmentInformation: 
  lavaplayer.version: 1.3.65
  os.arch: amd64
  os.name: Windows 10
  os.version: 10.0
  java.vendor: Oracle Corporation
  java.version: 13
  java.runtime.version: 13+33
  java.vm.version: 13+33

2021-01-05 22:29:17.083  INFO 15724 --- [XNIO-1 task-24] l.server.player.AudioLoaderRestHandler   : Got request to load for identifier "https://www.youtube.com/watch?v=5auyUSI6as4&list=PLZRsiQuiYIt7J3yxyCpxQDT8RMhptYDtJ"
2021-01-05 22:29:18.446  INFO 15724 --- [lava-daemon-pool-info-loader-2-thread-1] lavalink.server.player.AudioLoader       : Loaded playlist Twitch stream safe music
2021-01-05 22:30:57.883  INFO 15724 --- [XNIO-1 I/O-3] lavalink.server.io.SocketServer          : Connection closed from /127.0.0.1:58890 -- CloseStatus[code=1006, reason=]
2021-01-05 22:30:57.883  INFO 15724 --- [XNIO-1 I/O-3] lavalink.server.io.SocketContext         : Shutting down 0 playing players.
2021-01-05 22:31:02.631  INFO 15724 --- [XNIO-1 task-26] l.server.io.HandshakeInterceptorImpl     : Incoming connection from /127.0.0.1:58916
2021-01-05 22:31:02.637  INFO 15724 --- [XNIO-1 task-26] lavalink.server.io.SocketServer          : Connection successfully established from /127.0.0.1:58916
2021-01-05 22:31:08.603  INFO 15724 --- [XNIO-1 I/O-5] lavalink.server.io.SocketServer          : {"op":"volume","guildId":"668000598221651975","volume":50}
2021-01-05 22:31:08.611  INFO 15724 --- [XNIO-1 task-27] l.server.player.AudioLoaderRestHandler   : Got request to load for identifier "https://www.youtube.com/watch?v=5auyUSI6as4&list=PLZRsiQuiYIt7J3yxyCpxQDT8RMhptYDtJ"
2021-01-05 22:31:09.019  INFO 15724 --- [XNIO-1 I/O-5] lavalink.server.io.SocketServer          : {"sessionId":"5c7469fd60734b990adfa8e1b0e7e19e","op":"voiceUpdate","guildId":"668000598221651975","event":{"token":"6f4759f0ca657cf5","guild_id":"668000598221651975","endpoint":"us-central496.discord.media:443"}}
2021-01-05 22:31:09.806  INFO 15724 --- [lava-daemon-pool-info-loader-2-thread-1] lavalink.server.player.AudioLoader       : Loaded playlist Twitch stream safe music
2021-01-05 22:32:04.770  INFO 15724 --- [XNIO-1 I/O-5] lavalink.server.io.SocketServer          : Connection closed from /127.0.0.1:58916 -- CloseStatus[code=1006, reason=]
2021-01-05 22:32:04.771  INFO 15724 --- [XNIO-1 I/O-5] lavalink.server.io.SocketContext         : Shutting down 0 playing players.
2021-01-05 22:32:08.757  INFO 15724 --- [XNIO-1 task-29] l.server.io.HandshakeInterceptorImpl     : Incoming connection from /127.0.0.1:58926
2021-01-05 22:32:08.762  INFO 15724 --- [XNIO-1 task-29] lavalink.server.io.SocketServer          : Connection successfully established from /127.0.0.1:58926
2021-01-05 22:32:32.355  INFO 15724 --- [XNIO-1 I/O-7] lavalink.server.io.SocketServer          : Connection closed from /127.0.0.1:58926 -- CloseStatus[code=1006, reason=]
2021-01-05 22:32:32.356  INFO 15724 --- [XNIO-1 I/O-7] lavalink.server.io.SocketContext         : Shutting down 0 playing players.
2021-01-05 22:32:36.332  INFO 15724 --- [XNIO-1 task-30] l.server.io.HandshakeInterceptorImpl     : Incoming connection from /127.0.0.1:58932
2021-01-05 22:32:36.336  INFO 15724 --- [XNIO-1 task-30] lavalink.server.io.SocketServer          : Connection successfully established from /127.0.0.1:58932
2021-01-05 22:32:44.686  INFO 15724 --- [XNIO-1 I/O-5] lavalink.server.io.SocketServer          : {"op":"volume","guildId":"668000598221651975","volume":50}
2021-01-05 22:32:44.695  INFO 15724 --- [XNIO-1 task-31] l.server.player.AudioLoaderRestHandler   : Got request to load for identifier "https://www.youtube.com/watch?v=5auyUSI6as4&list=PLZRsiQuiYIt7J3yxyCpxQDT8RMhptYDtJ"
2021-01-05 22:32:45.136  INFO 15724 --- [XNIO-1 I/O-5] lavalink.server.io.SocketServer          : {"sessionId":"8a3c5db31175779fa537f06cebe85a6b","op":"voiceUpdate","guildId":"668000598221651975","event":{"token":"6f4759f0ca657cf5","guild_id":"668000598221651975","endpoint":"us-central496.discord.media:443"}}
2021-01-05 22:32:45.752  INFO 15724 --- [lava-daemon-pool-info-loader-2-thread-1] lavalink.server.player.AudioLoader       : Loaded playlist Twitch stream safe music
2021-01-05 22:32:45.775  INFO 15724 --- [XNIO-1 I/O-5] lavalink.server.io.SocketServer          : {"op":"play","guildId":"668000598221651975","track":"QAAAjwIAJ0lsbGVuaXVtIC0gRm9ydHJlc3MgKGZlYXQuIEpvbmkgRmF0b3JhKQAOTXJTdWljaWRlU2hlZXAAAAAAAAMc4AALNWF1eVVTSTZhczQAAQAraHR0cHM6Ly93d3cueW91dHViZS5jb20vd2F0Y2g/dj01YXV5VVNJNmFzNAAHeW91dHViZQAAAAAAAAAA"}
2021-01-05 22:33:23.957  INFO 15724 --- [XNIO-1 I/O-5] lavalink.server.io.SocketServer          : Connection closed from /127.0.0.1:58932 -- CloseStatus[code=1006, reason=]
2021-01-05 22:33:23.958  INFO 15724 --- [XNIO-1 I/O-5] lavalink.server.io.SocketContext         : Shutting down 1 playing players.
2021-01-05 22:33:28.202  INFO 15724 --- [XNIO-1 task-33] l.server.io.HandshakeInterceptorImpl     : Incoming connection from /127.0.0.1:58941
2021-01-05 22:33:28.207  INFO 15724 --- [XNIO-1 task-33] lavalink.server.io.SocketServer          : Connection successfully established from /127.0.0.1:58941
2021-01-05 22:36:23.189  INFO 15724 --- [XNIO-1 I/O-6] lavalink.server.io.SocketServer          : {"op":"volume","guildId":"668000598221651975","volume":50}
2021-01-05 22:36:23.197  INFO 15724 --- [XNIO-1 task-34] l.server.player.AudioLoaderRestHandler   : Got request to load for identifier "https://www.youtube.com/watch?v=5auyUSI6as4&list=PLZRsiQuiYIt7J3yxyCpxQDT8RMhptYDtJ"
2021-01-05 22:36:23.609  INFO 15724 --- [XNIO-1 I/O-6] lavalink.server.io.SocketServer          : {"sessionId":"1674ddad2e8e61c7ca63c6236c486067","op":"voiceUpdate","guildId":"668000598221651975","event":{"token":"27a31732e7e06da1","guild_id":"668000598221651975","endpoint":"us-central496.discord.media:443"}}
2021-01-05 22:36:24.391  INFO 15724 --- [lava-daemon-pool-info-loader-2-thread-1] lavalink.server.player.AudioLoader       : Loaded playlist Twitch stream safe music
2021-01-05 22:36:24.413  INFO 15724 --- [XNIO-1 I/O-6] lavalink.server.io.SocketServer          : {"op":"play","guildId":"668000598221651975","track":"QAAAjwIAJ0lsbGVuaXVtIC0gRm9ydHJlc3MgKGZlYXQuIEpvbmkgRmF0b3JhKQAOTXJTdWljaWRlU2hlZXAAAAAAAAMc4AALNWF1eVVTSTZhczQAAQAraHR0cHM6Ly93d3cueW91dHViZS5jb20vd2F0Y2g/dj01YXV5VVNJNmFzNAAHeW91dHViZQAAAAAAAAAA"}
2021-01-05 22:39:12.081 ERROR 15724 --- [lava-daemon-pool-playback-1-thread-1] c.s.d.l.t.p.LocalAudioTrackExecutor      : Error in playback of 5auyUSI6as4

com.sedmelluq.discord.lavaplayer.tools.FriendlyException: Something went wrong when decoding the track.
	at com.sedmelluq.discord.lavaplayer.tools.ExceptionTools.wrapUnfriendlyExceptions(ExceptionTools.java:45) ~[lavaplayer-1.3.65.jar!/:na]
	at com.sedmelluq.discord.lavaplayer.track.playback.LocalAudioTrackExecutor.executeProcessingLoop(LocalAudioTrackExecutor.java:294) ~[lavaplayer-1.3.65.jar!/:na]
	at com.sedmelluq.discord.lavaplayer.track.playback.LocalAudioTrackExecutor.executeProcessingLoop(LocalAudioTrackExecutor.java:250) ~[lavaplayer-1.3.65.jar!/:na]
	at com.sedmelluq.discord.lavaplayer.container.matroska.MatroskaAudioTrack.process(MatroskaAudioTrack.java:39) ~[lavaplayer-1.3.65.jar!/:na]
	at com.sedmelluq.discord.lavaplayer.track.DelegatedAudioTrack.processDelegate(DelegatedAudioTrack.java:25) ~[lavaplayer-1.3.65.jar!/:na]
	at com.sedmelluq.discord.lavaplayer.source.youtube.YoutubeAudioTrack.processStatic(YoutubeAudioTrack.java:57) ~[lavaplayer-1.3.65.jar!/:na]
	at com.sedmelluq.discord.lavaplayer.source.youtube.YoutubeAudioTrack.process(YoutubeAudioTrack.java:49) ~[lavaplayer-1.3.65.jar!/:na]
	at com.sedmelluq.discord.lavaplayer.track.playback.LocalAudioTrackExecutor.execute(LocalAudioTrackExecutor.java:105) ~[lavaplayer-1.3.65.jar!/:na]
	at com.sedmelluq.discord.lavaplayer.player.DefaultAudioPlayerManager.lambda$executeTrack$1(DefaultAudioPlayerManager.java:349) ~[lavaplayer-1.3.65.jar!/:na]
	at java.base/java.util.concurrent.ThreadPoolExecutor.runWorker(ThreadPoolExecutor.java:1128) ~[na:na]
	at java.base/java.util.concurrent.ThreadPoolExecutor$Worker.run(ThreadPoolExecutor.java:628) ~[na:na]
	at java.base/java.lang.Thread.run(Thread.java:830) ~[na:na]
	Suppressed: com.sedmelluq.discord.lavaplayer.tools.exception.EnvironmentInformation: 
  lavaplayer.version: 1.3.65
  os.arch: amd64
  os.name: Windows 10
  os.version: 10.0
  java.vendor: Oracle Corporation
  java.version: 13
  java.runtime.version: 13+33
  java.vm.version: 13+33
Caused by: java.lang.RuntimeException: org.apache.http.conn.ConnectTimeoutException: Connect to r4---sn-uh-c3pl.googlevideo.com:443 [r4---sn-uh-c3pl.googlevideo.com/1.9.57.207] failed: Connect timed out
	at com.sedmelluq.discord.lavaplayer.container.matroska.MatroskaStreamingFile.provideFrames(MatroskaStreamingFile.java:309) ~[lavaplayer-1.3.65.jar!/:na]
	at com.sedmelluq.discord.lavaplayer.container.matroska.MatroskaAudioTrack.lambda$process$0(MatroskaAudioTrack.java:40) ~[lavaplayer-1.3.65.jar!/:na]
	at com.sedmelluq.discord.lavaplayer.track.playback.LocalAudioTrackExecutor.executeProcessingLoop(LocalAudioTrackExecutor.java:276) ~[lavaplayer-1.3.65.jar!/:na]
	... 10 common frames omitted
Caused by: org.apache.http.conn.ConnectTimeoutException: Connect to r4---sn-uh-c3pl.googlevideo.com:443 [r4---sn-uh-c3pl.googlevideo.com/1.9.57.207] failed: Connect timed out
	at com.sedmelluq.discord.lavaplayer.tools.http.ExtendedConnectionOperator.connectWithDestination(ExtendedConnectionOperator.java:163) ~[lavaplayer-1.3.65.jar!/:na]
	at com.sedmelluq.discord.lavaplayer.tools.http.ExtendedConnectionOperator.connect(ExtendedConnectionOperator.java:82) ~[lavaplayer-1.3.65.jar!/:na]
	at org.apache.http.impl.conn.PoolingHttpClientConnectionManager.connect(PoolingHttpClientConnectionManager.java:374) ~[httpclient-4.5.10.jar!/:4.5.10]
	at org.apache.http.impl.execchain.MainClientExec.establishRoute(MainClientExec.java:393) ~[httpclient-4.5.10.jar!/:4.5.10]
	at org.apache.http.impl.execchain.MainClientExec.execute(MainClientExec.java:236) ~[httpclient-4.5.10.jar!/:4.5.10]
	at org.apache.http.impl.execchain.ProtocolExec.execute(ProtocolExec.java:186) ~[httpclient-4.5.10.jar!/:4.5.10]
	at org.apache.http.impl.execchain.RetryExec.execute(RetryExec.java:89) ~[httpclient-4.5.10.jar!/:4.5.10]
	at org.apache.http.impl.execchain.RedirectExec.execute(RedirectExec.java:110) ~[httpclient-4.5.10.jar!/:4.5.10]
	at org.apache.http.impl.client.InternalHttpClient.doExecute(InternalHttpClient.java:185) ~[httpclient-4.5.10.jar!/:4.5.10]
	at org.apache.http.impl.client.CloseableHttpClient.execute(CloseableHttpClient.java:83) ~[httpclient-4.5.10.jar!/:4.5.10]
	at com.sedmelluq.discord.lavaplayer.tools.io.HttpInterface.execute(HttpInterface.java:72) ~[lavaplayer-1.3.65.jar!/:na]
	at com.sedmelluq.discord.lavaplayer.tools.io.PersistentHttpStream.attemptConnect(PersistentHttpStream.java:114) ~[lavaplayer-1.3.65.jar!/:na]
	at com.sedmelluq.discord.lavaplayer.tools.io.PersistentHttpStream.connect(PersistentHttpStream.java:106) ~[lavaplayer-1.3.65.jar!/:na]
	at com.sedmelluq.discord.lavaplayer.tools.io.PersistentHttpStream.internalRead(PersistentHttpStream.java:171) ~[lavaplayer-1.3.65.jar!/:na]
	at com.sedmelluq.discord.lavaplayer.tools.io.PersistentHttpStream.internalRead(PersistentHttpStream.java:181) ~[lavaplayer-1.3.65.jar!/:na]
	at com.sedmelluq.discord.lavaplayer.tools.io.PersistentHttpStream.read(PersistentHttpStream.java:187) ~[lavaplayer-1.3.65.jar!/:na]
	at java.base/java.io.DataInputStream.readFully(DataInputStream.java:200) ~[na:na]
	at com.sedmelluq.discord.lavaplayer.container.matroska.format.MutableMatroskaBlock.getNextFrameBuffer(MutableMatroskaBlock.java:54) ~[lavaplayer-1.3.65.jar!/:na]
	at com.sedmelluq.discord.lavaplayer.container.matroska.MatroskaStreamingFile.processFrameInBlock(MatroskaStreamingFile.java:372) ~[lavaplayer-1.3.65.jar!/:na]
	at com.sedmelluq.discord.lavaplayer.container.matroska.MatroskaStreamingFile.parseClusterSimpleBlock(MatroskaStreamingFile.java:336) ~[lavaplayer-1.3.65.jar!/:na]
	at com.sedmelluq.discord.lavaplayer.container.matroska.MatroskaStreamingFile.parseNextCluster(MatroskaStreamingFile.java:321) ~[lavaplayer-1.3.65.jar!/:na]
	at com.sedmelluq.discord.lavaplayer.container.matroska.MatroskaStreamingFile.provideFrames(MatroskaStreamingFile.java:297) ~[lavaplayer-1.3.65.jar!/:na]
	... 12 common frames omitted
	Suppressed: com.sedmelluq.discord.lavaplayer.tools.http.ExtendedConnectionOperator$AdditionalDetails: Encountered when opening a connection with the following details:
  host: https://r4---sn-uh-c3pl.googlevideo.com:443
  localAddress: <unspecified>
  remoteAddress: r4---sn-uh-c3pl.googlevideo.com/1.9.57.207:443
  connectTimeout: 3000
  triedAddresses: r4---sn-uh-c3pl.googlevideo.com/1.9.57.207
Caused by: java.net.SocketTimeoutException: Connect timed out
	at java.base/sun.nio.ch.NioSocketImpl.timedFinishConnect(NioSocketImpl.java:546) ~[na:na]
	at java.base/sun.nio.ch.NioSocketImpl.connect(NioSocketImpl.java:597) ~[na:na]
	at java.base/java.net.SocksSocketImpl.connect(SocksSocketImpl.java:339) ~[na:na]
	at java.base/java.net.Socket.connect(Socket.java:585) ~[na:na]
	at org.apache.http.conn.ssl.SSLConnectionSocketFactory.connectSocket(SSLConnectionSocketFactory.java:368) ~[httpclient-4.5.10.jar!/:4.5.10]
	at com.sedmelluq.discord.lavaplayer.tools.http.ExtendedConnectionOperator.connectWithDestination(ExtendedConnectionOperator.java:158) ~[lavaplayer-1.3.65.jar!/:na]
	... 33 common frames omitted

2021-01-05 22:39:12.084  INFO 15724 --- [XNIO-1 I/O-6] lavalink.server.io.SocketServer          : {"op":"stop","guildId":"668000598221651975"}
2021-01-05 22:39:12.088  INFO 15724 --- [XNIO-1 I/O-6] lavalink.server.io.SocketServer          : {"op":"play","guildId":"668000598221651975","track":"QAAAigIAJFdoYXQgU28gTm90IC0gVG91Y2hlZCAob3JpZ2luYWwgbWl4KQAMVGl0byBHb3NsaW5nAAAAAAAE0mAAC3RRM2dnUm5HOWpVAAEAK2h0dHBzOi8vd3d3LnlvdXR1YmUuY29tL3dhdGNoP3Y9dFEzZ2dSbkc5alUAB3lvdXR1YmUAAAAAAAAAAA=="}
